

Microchip Technology PIC18 LITE Macro Assembler V1.41 build -162212810 
                                                                                               Tue Nov 17 09:38:47 2020

Microchip Technology Omniscient Code Generator v1.41 (Free mode) build 201701250102
     1                           	processor	18F4550
     2                           	fnconf	rparam,??,?,0
     3                           	opt	pw 120
     4                           	opt	lm
     5                           	psect	idataCOMRAM,global,class=CODE,delta=1,noexec
     6                           	psect	cinit,global,reloc=2,class=CODE,delta=1
     7                           	psect	dataCOMRAM,global,class=COMRAM,space=1,delta=1,noexec
     8                           	psect	cstackCOMRAM,global,class=COMRAM,space=1,delta=1,noexec
     9                           	psect	text0,global,reloc=2,class=CODE,delta=1
    10                           	psect	intsave_regs,global,class=BIGRAM,space=1,delta=1,noexec
    11                           	psect	rparam,global,class=COMRAM,space=1,delta=1,noexec
    12  0000                     
    13                           ; Version 1.41
    14                           ; Generated 25/01/2017 GMT
    15                           ; 
    16                           ; Copyright © 2017, Microchip Technology Inc. and its subsidiaries ("Microchip")
    17                           ; All rights reserved.
    18                           ; 
    19                           ; This software is developed by Microchip Technology Inc. and its subsidiaries ("Microch
      +                          ip").
    20                           ; 
    21                           ; Redistribution and use in source and binary forms, with or without modification, are
    22                           ; permitted provided that the following conditions are met:
    23                           ; 
    24                           ;     1. Redistributions of source code must retain the above copyright notice, this lis
      +                          t of
    25                           ;        conditions and the following disclaimer.
    26                           ; 
    27                           ;     2. Redistributions in binary form must reproduce the above copyright notice, this 
      +                          list
    28                           ;        of conditions and the following disclaimer in the documentation and/or other
    29                           ;        materials provided with the distribution.
    30                           ; 
    31                           ;     3. Microchip's name may not be used to endorse or promote products derived from th
      +                          is
    32                           ;        software without specific prior written permission.
    33                           ; 
    34                           ; THIS SOFTWARE IS PROVIDED BY MICROCHIP "AS IS" AND ANY EXPRESS OR IMPLIED WARRANTIES,
    35                           ; INCLUDING, BUT NOT LIMITED TO, THE IMPLIED WARRANTIES OF MERCHANTABILITY AND FITNESS F
      +                          OR
    36                           ; PURPOSE ARE DISCLAIMED.  IN NO EVENT SHALL MICROCHIP BE LIABLE FOR ANY DIRECT, INDIREC
      +                          T,
    37                           ; INCIDENTAL, SPECIAL, EXEMPLARY, OR CONSEQUENTIAL DAMAGES (INCLUDING BUT NOT LIMITED TO
    38                           ; PROCUREMENT OF SUBSTITUTE GOODS OR SERVICES; LOSS OF USE, DATA OR PROFITS; OR BUSINESS
    39                           ; INTERRUPTION) HOWSOEVER CAUSED AND ON ANY THEORY OF LIABILITY, WHETHER IN CONTRACT, ST
      +                          RICT
    40                           ; LIABILITY, OR TORT (INCLUDING NEGLIGENCE OR OTHERWISE) ARISING IN ANY WAY OUT OF THE U
      +                          SE OF
    41                           ; THIS SOFTWARE, EVEN IF ADVISED OF THE POSSIBILITY OF SUCH DAMAGE.
    42                           ; 
    43                           ; 
    44                           ; Code-generator required, PIC18F4550 Definitions
    45                           ; 
    46                           ; SFR Addresses
    47  0000                     
    48                           	psect	idataCOMRAM
    49  007FA5                     __pidataCOMRAM:
    50                           	opt stack 0
    51                           
    52                           ;initializer for _velocidad
    53  007FA5  0001               	dw	1
    54  007FA7  0000               	dw	0
    55                           
    56                           ;initializer for _efecto
    57  007FA9  01                 	db	1
    58  0000                     _PORTBbits	set	3969
    59  0000                     _INTCON2bits	set	4081
    60  0000                     _TRISBbits	set	3987
    61  0000                     _LATD	set	3980
    62  0000                     _TRISD	set	3989
    63                           
    64                           ; #config settings
    65  0000                     
    66                           	psect	cinit
    67  007FAA                     __pcinit:
    68                           	opt stack 0
    69  007FAA                     start_initialization:
    70                           	opt stack 0
    71  007FAA                     __initialization:
    72                           	opt stack 0
    73                           
    74                           ; Initialize objects allocated to COMRAM (5 bytes)
    75                           ; load TBLPTR registers with __pidataCOMRAM
    76  007FAA  0EA5               	movlw	low __pidataCOMRAM
    77  007FAC  6EF6               	movwf	tblptrl,c
    78  007FAE  0E7F               	movlw	high __pidataCOMRAM
    79  007FB0  6EF7               	movwf	tblptrh,c
    80  007FB2  0E00               	movlw	low (__pidataCOMRAM shr (0+16))
    81  007FB4  6EF8               	movwf	tblptru,c
    82  007FB6  EE00  F001         	lfsr	0,__pdataCOMRAM
    83  007FBA  EE10 F005          	lfsr	1,5
    84  007FBE                     copy_data0:
    85  007FBE  0009               	tblrd		*+
    86  007FC0  CFF5 FFEE          	movff	tablat,postinc0
    87  007FC4  50E5               	movf	postdec1,w,c
    88  007FC6  50E1               	movf	fsr1l,w,c
    89  007FC8  E1FA               	bnz	copy_data0
    90  007FCA                     end_of_initialization:
    91                           	opt stack 0
    92  007FCA                     __end_of__initialization:
    93                           	opt stack 0
    94  007FCA  0100               	movlb	0
    95  007FCC  EFE8  F03F         	goto	_main	;jump to C main() function
    96                           tblptru	equ	0xFF8
    97                           tblptrh	equ	0xFF7
    98                           tblptrl	equ	0xFF6
    99                           tablat	equ	0xFF5
   100                           postinc0	equ	0xFEE
   101                           postdec1	equ	0xFE5
   102                           fsr1l	equ	0xFE1
   103                           
   104                           	psect	dataCOMRAM
   105  000001                     __pdataCOMRAM:
   106                           	opt stack 0
   107  000001                     _velocidad:
   108                           	opt stack 0
   109  000001                     	ds	4
   110  000005                     _efecto:
   111                           	opt stack 0
   112  000005                     	ds	1
   113                           tblptru	equ	0xFF8
   114                           tblptrh	equ	0xFF7
   115                           tblptrl	equ	0xFF6
   116                           tablat	equ	0xFF5
   117                           postinc0	equ	0xFEE
   118                           postdec1	equ	0xFE5
   119                           fsr1l	equ	0xFE1
   120                           
   121                           	psect	cstackCOMRAM
   122  000006                     __pcstackCOMRAM:
   123                           	opt stack 0
   124  000006                     ??_main:
   125  000006                     
   126                           ; 2 bytes @ 0x0
   127  000006                     	ds	1
   128                           tblptru	equ	0xFF8
   129                           tblptrh	equ	0xFF7
   130                           tblptrl	equ	0xFF6
   131                           tablat	equ	0xFF5
   132                           postinc0	equ	0xFEE
   133                           postdec1	equ	0xFE5
   134                           fsr1l	equ	0xFE1
   135                           
   136 ;;
   137 ;;Main: autosize = 0, tempsize = 1, incstack = 0, save=0
   138 ;;
   139 ;; *************** function _main *****************
   140 ;; Defined at:
   141 ;;		line 41 in file "secuencia_main.c"
   142 ;; Parameters:    Size  Location     Type
   143 ;;		None
   144 ;; Auto vars:     Size  Location     Type
   145 ;;		None
   146 ;; Return value:  Size  Location     Type
   147 ;;                  2   18[None  ] int 
   148 ;; Registers used:
   149 ;;		wreg, status,2, status,0
   150 ;; Tracked objects:
   151 ;;		On entry : 0/0
   152 ;;		On exit  : 0/0
   153 ;;		Unchanged: 0/0
   154 ;; Data sizes:     COMRAM   BANK0   BANK1   BANK2   BANK3   BANK4   BANK5   BANK6   BANK7
   155 ;;      Params:         0       0       0       0       0       0       0       0       0
   156 ;;      Locals:         0       0       0       0       0       0       0       0       0
   157 ;;      Temps:          1       0       0       0       0       0       0       0       0
   158 ;;      Totals:         1       0       0       0       0       0       0       0       0
   159 ;;Total ram usage:        1 bytes
   160 ;; This function calls:
   161 ;;		Nothing
   162 ;; This function is called by:
   163 ;;		Startup code after reset
   164 ;; This function uses a non-reentrant model
   165 ;;
   166                           
   167                           	psect	text0
   168  007FD0                     __ptext0:
   169                           	opt stack 0
   170  007FD0                     _main:
   171                           	opt stack 31
   172                           
   173                           ;secuencia_main.c: 42: TRISD = 0;
   174                           
   175                           ;incstack = 0
   176  007FD0  0E00               	movlw	0
   177  007FD2  6E95               	movwf	3989,c	;volatile
   178                           
   179                           ;secuencia_main.c: 43: LATD = 0;
   180  007FD4  0E00               	movlw	0
   181  007FD6  6E8C               	movwf	3980,c	;volatile
   182                           
   183                           ;secuencia_main.c: 44: TRISBbits.TRISB7 = 1;
   184  007FD8  8E93               	bsf	3987,7,c	;volatile
   185                           
   186                           ;secuencia_main.c: 45: TRISBbits.TRISB6 = 1;
   187  007FDA  8C93               	bsf	3987,6,c	;volatile
   188                           
   189                           ;secuencia_main.c: 46: INTCON2bits.RBPU = 0;
   190  007FDC  9EF1               	bcf	intcon2,7,c	;volatile
   191  007FDE                     l702:
   192                           
   193                           ;secuencia_main.c: 49: if (!PORTBbits.RB7) {
   194  007FDE  BE81               	btfsc	3969,7,c	;volatile
   195  007FE0  D7FE               	goto	l702
   196                           
   197                           ;secuencia_main.c: 50: _delay((unsigned long)((50)*(8000000/4000.0)));
   198  007FE2  0E82               	movlw	130
   199  007FE4  6E06               	movwf	??_main& (0+255),c
   200  007FE6  0EDE               	movlw	222
   201  007FE8                     u417:
   202  007FE8  2EE8               	decfsz	wreg,f,c
   203  007FEA  D7FE               	bra	u417
   204  007FEC  2E06               	decfsz	??_main& (0+255),f,c
   205  007FEE  D7FC               	bra	u417
   206                           
   207                           ;secuencia_main.c: 51: if(++efecto==5){efecto=1;}
   208  007FF0  2A05               	incf	_efecto,f,c
   209  007FF2  0E05               	movlw	5
   210  007FF4  1805               	xorwf	_efecto,w,c
   211  007FF6  A4D8               	btfss	status,2,c
   212  007FF8  D7F2               	goto	l702
   213  007FFA  0E01               	movlw	1
   214  007FFC  6E05               	movwf	_efecto,c
   215  007FFE  D7EF               	goto	l702
   216  008000                     __end_of_main:
   217                           	opt stack 0
   218  0000                     tblptru	equ	0xFF8
   219                           tblptrh	equ	0xFF7
   220                           tblptrl	equ	0xFF6
   221                           tablat	equ	0xFF5
   222                           intcon2	equ	0xFF1
   223                           postinc0	equ	0xFEE
   224                           wreg	equ	0xFE8
   225                           postdec1	equ	0xFE5
   226                           fsr1l	equ	0xFE1
   227                           status	equ	0xFD8
   228                           tblptru	equ	0xFF8
   229                           tblptrh	equ	0xFF7
   230                           tblptrl	equ	0xFF6
   231                           tablat	equ	0xFF5
   232                           intcon2	equ	0xFF1
   233                           postinc0	equ	0xFEE
   234                           wreg	equ	0xFE8
   235                           postdec1	equ	0xFE5
   236                           fsr1l	equ	0xFE1
   237                           status	equ	0xFD8
   238                           
   239                           	psect	rparam
   240  0000                     tblptru	equ	0xFF8
   241                           tblptrh	equ	0xFF7
   242                           tblptrl	equ	0xFF6
   243                           tablat	equ	0xFF5
   244                           intcon2	equ	0xFF1
   245                           postinc0	equ	0xFEE
   246                           wreg	equ	0xFE8
   247                           postdec1	equ	0xFE5
   248                           fsr1l	equ	0xFE1
   249                           status	equ	0xFD8


Data Sizes:
    Strings     0
    Constant    0
    Data        5
    BSS         0
    Persistent  0
    Stack       0

Auto Spaces:
    Space          Size  Autos    Used
    COMRAM           95      1       6
    BANK0           160      0       0
    BANK1           256      0       0
    BANK2           256      0       0
    BANK3           256      0       0
    BANK4           256      0       0
    BANK5           256      0       0
    BANK6           256      0       0
    BANK7           256      0       0

Pointer List with Targets:

    None.

Critical Paths under _main in COMRAM

    None.

Critical Paths under _main in BANK0

    None.

Critical Paths under _main in BANK1

    None.

Critical Paths under _main in BANK2

    None.

Critical Paths under _main in BANK3

    None.

Critical Paths under _main in BANK4

    None.

Critical Paths under _main in BANK5

    None.

Critical Paths under _main in BANK6

    None.

Critical Paths under _main in BANK7

    None.

Call Graph Tables:

 ---------------------------------------------------------------------------------
 (Depth) Function   	        Calls       Base Space   Used Autos Params    Refs
 ---------------------------------------------------------------------------------
 (0) _main                                                 1     1      0       0
                                              0 COMRAM     1     1      0
 ---------------------------------------------------------------------------------
 Estimated maximum stack depth 0
 ---------------------------------------------------------------------------------

 Call Graph Graphs:

 _main (ROOT)

 Address spaces:
Name               Size   Autos  Total    Cost      Usage
BIGRAM             7FF      0       0      21        0.0%
EEDATA             100      0       0       0        0.0%
BITBANK7           100      0       0      18        0.0%
BANK7              100      0       0      19        0.0%
BITBANK6           100      0       0      16        0.0%
BANK6              100      0       0      17        0.0%
BITBANK5           100      0       0      14        0.0%
BANK5              100      0       0      15        0.0%
BITBANK4           100      0       0      12        0.0%
BANK4              100      0       0      13        0.0%
BITBANK3           100      0       0      10        0.0%
BANK3              100      0       0      11        0.0%
BITBANK2           100      0       0       8        0.0%
BANK2              100      0       0       9        0.0%
BITBANK1           100      0       0       6        0.0%
BANK1              100      0       0       7        0.0%
BITBANK0            A0      0       0       4        0.0%
BANK0               A0      0       0       5        0.0%
BITCOMRAM           5F      0       0       0        0.0%
COMRAM              5F      1       6       1        6.3%
BITSFR               0      0       0     200        0.0%
SFR                  0      0       0     200        0.0%
STACK                0      0       0       2        0.0%
NULL                 0      0       0       0        0.0%
ABS                  0      0       6      20        0.0%
DATA                 0      0       6       3        0.0%
CODE                 0      0       0       0        0.0%


Microchip Technology PIC18 Macro Assembler V1.41 build -162212810 
Symbol Table                                                                                   Tue Nov 17 09:38:47 2020

            __CFG_BOR$ON 000000              __CFG_BORV$3 000000             __CFG_CP0$OFF 000000  
           __CFG_CP1$OFF 000000             __CFG_CP2$OFF 000000             __CFG_CP3$OFF 000000  
                    l702 7FDE             __CFG_CPB$OFF 000000                      u417 7FE8  
           __CFG_CPD$OFF 000000                      wreg 000FE8             __CFG_LVP$OFF 000000  
           __CFG_WDT$OFF 000000                     _LATD 000F8C                     _main 7FD0  
                   fsr1l 000FE1                     start 0000            __CFG_IESO$OFF 000000  
          __CFG_MCLRE$ON 000000             ___param_bank 000000           __CFG_CCP2MX$ON 000000  
                  ?_main 0006                    _TRISD 000F95            __CFG_PWRT$OFF 000000  
          __CFG_WRT0$OFF 000000            __CFG_WRT1$OFF 000000            __CFG_WRT2$OFF 000000  
          __CFG_WRT3$OFF 000000           __CFG_EBTR0$OFF 000000           __CFG_FCMEN$OFF 000000  
         __CFG_EBTR1$OFF 000000           __CFG_EBTR2$OFF 000000           __CFG_EBTR3$OFF 000000  
          __CFG_WRTB$OFF 000000            __CFG_WRTC$OFF 000000            __CFG_WRTD$OFF 000000  
         __CFG_EBTRB$OFF 000000                    tablat 000FF5                    status 000FD8  
         __CFG_ICPRT$OFF 000000          __initialization 7FAA             __end_of_main 8000  
                 ??_main 0006            __activetblptr 000000           __CFG_XINST$OFF 000000  
         __CFG_STVREN$ON 000000                   _efecto 0005             __pdataCOMRAM 0001  
                 tblptrh 000FF7                   tblptrl 000FF6                   tblptru 000FF8  
             __accesstop 0060  __end_of__initialization 7FCA          __CFG_PBADEN$OFF 000000  
          ___rparam_used 000001           __pcstackCOMRAM 0006          __CFG_VREGEN$OFF 000000  
                __Hparam 0000                  __Lparam 0000                  __pcinit 7FAA  
                __ramtop 0800                  __ptext0 7FD0     end_of_initialization 7FCA  
                postdec1 000FE5                  postinc0 000FEE                _PORTBbits 000F81  
              _TRISBbits 000F93            __pidataCOMRAM 7FA5      start_initialization 7FAA  
       __CFG_LPT1OSC$OFF 000000         __CFG_WDTPS$32768 000000                _velocidad 0001  
            _INTCON2bits 000FF1                copy_data0 7FBE                 __Hrparam 0000  
               __Lrparam 0000            __size_of_main 0030      __CFG_FOSC$INTOSC_EC 000000  
