

Microchip Technology PIC18 LITE Macro Assembler V1.41 build -162212810 
                                                                                               Mon Nov 23 10:47:55 2020

Microchip Technology Omniscient Code Generator v1.41 (Free mode) build 201701250102
     1                           	processor	18F4550
     2                           	fnconf	rparam,??,?,0
     3                           	opt	pw 120
     4                           	opt	lm
     5                           	psect	cinit,global,reloc=2,class=CODE,delta=1
     6                           	psect	cstackCOMRAM,global,class=COMRAM,space=1,delta=1,noexec
     7                           	psect	text0,global,reloc=2,class=CODE,delta=1
     8                           	psect	text1,global,reloc=2,class=CODE,delta=1
     9                           	psect	intcode,global,reloc=2,class=CODE,delta=1
    10                           	psect	intcode_body,global,reloc=2,class=CODE,delta=1
    11                           	psect	intsave_regs,global,class=BIGRAM,space=1,delta=1,noexec
    12                           	psect	rparam,global,class=COMRAM,space=1,delta=1,noexec
    13                           	psect	temp,global,ovrld,common,class=COMRAM,space=1,delta=1
    14  0000                     
    15                           ; Version 1.41
    16                           ; Generated 25/01/2017 GMT
    17                           ; 
    18                           ; Copyright © 2017, Microchip Technology Inc. and its subsidiaries ("Microchip")
    19                           ; All rights reserved.
    20                           ; 
    21                           ; This software is developed by Microchip Technology Inc. and its subsidiaries ("Microch
      +                          ip").
    22                           ; 
    23                           ; Redistribution and use in source and binary forms, with or without modification, are
    24                           ; permitted provided that the following conditions are met:
    25                           ; 
    26                           ;     1. Redistributions of source code must retain the above copyright notice, this lis
      +                          t of
    27                           ;        conditions and the following disclaimer.
    28                           ; 
    29                           ;     2. Redistributions in binary form must reproduce the above copyright notice, this 
      +                          list
    30                           ;        of conditions and the following disclaimer in the documentation and/or other
    31                           ;        materials provided with the distribution.
    32                           ; 
    33                           ;     3. Microchip's name may not be used to endorse or promote products derived from th
      +                          is
    34                           ;        software without specific prior written permission.
    35                           ; 
    36                           ; THIS SOFTWARE IS PROVIDED BY MICROCHIP "AS IS" AND ANY EXPRESS OR IMPLIED WARRANTIES,
    37                           ; INCLUDING, BUT NOT LIMITED TO, THE IMPLIED WARRANTIES OF MERCHANTABILITY AND FITNESS F
      +                          OR
    38                           ; PURPOSE ARE DISCLAIMED.  IN NO EVENT SHALL MICROCHIP BE LIABLE FOR ANY DIRECT, INDIREC
      +                          T,
    39                           ; INCIDENTAL, SPECIAL, EXEMPLARY, OR CONSEQUENTIAL DAMAGES (INCLUDING BUT NOT LIMITED TO
    40                           ; PROCUREMENT OF SUBSTITUTE GOODS OR SERVICES; LOSS OF USE, DATA OR PROFITS; OR BUSINESS
    41                           ; INTERRUPTION) HOWSOEVER CAUSED AND ON ANY THEORY OF LIABILITY, WHETHER IN CONTRACT, ST
      +                          RICT
    42                           ; LIABILITY, OR TORT (INCLUDING NEGLIGENCE OR OTHERWISE) ARISING IN ANY WAY OUT OF THE U
      +                          SE OF
    43                           ; THIS SOFTWARE, EVEN IF ADVISED OF THE POSSIBILITY OF SUCH DAMAGE.
    44                           ; 
    45                           ; 
    46                           ; Code-generator required, PIC18F4550 Definitions
    47                           ; 
    48                           ; SFR Addresses
    49  0000                     _TMR1	set	4046
    50  0000                     _T1CON	set	4045
    51  0000                     _PIR1bits	set	3998
    52  0000                     _LATB	set	3978
    53  0000                     _TRISB	set	3987
    54  0000                     _OSCCON	set	4051
    55  0000                     _TMR1ON	set	32360
    56  0000                     _TMR1IF	set	31984
    57  0000                     _TMR1IE	set	31976
    58  0000                     _PEIE	set	32662
    59  0000                     _GIE	set	32663
    60                           
    61                           ; #config settings
    62  0000                     
    63                           	psect	cinit
    64  0000BC                     __pcinit:
    65                           	opt stack 0
    66  0000BC                     start_initialization:
    67                           	opt stack 0
    68  0000BC                     __initialization:
    69                           	opt stack 0
    70  0000BC                     end_of_initialization:
    71                           	opt stack 0
    72  0000BC                     __end_of__initialization:
    73                           	opt stack 0
    74  0000BC  900F               	bcf	int$flags,0,c	;clear compiler interrupt flag (level 1)
    75  0000BE  920F               	bcf	int$flags,1,c	;clear compiler interrupt flag (level 2)
    76  0000C0  0100               	movlb	0
    77  0000C2  EF56  F000         	goto	_main	;jump to C main() function
    78                           
    79                           	psect	cstackCOMRAM
    80  000001                     __pcstackCOMRAM:
    81                           	opt stack 0
    82  000001                     ??_Timer1_ISR:
    83                           
    84                           ; 1 bytes @ 0x0
    85  000001                     	ds	14
    86  00000F                     
    87                           ; 1 bytes @ 0xE
    88 ;;
    89 ;;Main: autosize = 0, tempsize = 0, incstack = 0, save=0
    90 ;;
    91 ;; *************** function _main *****************
    92 ;; Defined at:
    93 ;;		line 30 in file "delay_1ms_irq.c"
    94 ;; Parameters:    Size  Location     Type
    95 ;;		None
    96 ;; Auto vars:     Size  Location     Type
    97 ;;		None
    98 ;; Return value:  Size  Location     Type
    99 ;;                  1    wreg      void 
   100 ;; Registers used:
   101 ;;		wreg, status,2, cstack
   102 ;; Tracked objects:
   103 ;;		On entry : 0/0
   104 ;;		On exit  : 0/0
   105 ;;		Unchanged: 0/0
   106 ;; Data sizes:     COMRAM   BANK0   BANK1   BANK2   BANK3   BANK4   BANK5   BANK6   BANK7
   107 ;;      Params:         0       0       0       0       0       0       0       0       0
   108 ;;      Locals:         0       0       0       0       0       0       0       0       0
   109 ;;      Temps:          0       0       0       0       0       0       0       0       0
   110 ;;      Totals:         0       0       0       0       0       0       0       0       0
   111 ;;Total ram usage:        0 bytes
   112 ;; Hardware stack levels required when called:    2
   113 ;; This function calls:
   114 ;;		_Timer1_start
   115 ;; This function is called by:
   116 ;;		Startup code after reset
   117 ;; This function uses a non-reentrant model
   118 ;;
   119                           
   120                           	psect	text0
   121  0000AC                     __ptext0:
   122                           	opt stack 0
   123  0000AC                     _main:
   124                           	opt stack 29
   125                           
   126                           ;delay_1ms_irq.c: 32: OSCCON=0x72;
   127                           
   128                           ;incstack = 0
   129  0000AC  0E72               	movlw	114
   130  0000AE  6ED3               	movwf	4051,c	;volatile
   131                           
   132                           ;delay_1ms_irq.c: 33: TRISB = 0;
   133  0000B0  0E00               	movlw	0
   134  0000B2  6E93               	movwf	3987,c	;volatile
   135                           
   136                           ;delay_1ms_irq.c: 34: LATB = 0xff;
   137  0000B4  688A               	setf	3978,c	;volatile
   138                           
   139                           ;delay_1ms_irq.c: 35: Timer1_start();
   140  0000B6  EC4A  F000         	call	_Timer1_start	;wreg free
   141  0000BA                     l27:
   142  0000BA  D7FF               	goto	l27
   143  0000BC                     __end_of_main:
   144                           	opt stack 0
   145                           
   146 ;; *************** function _Timer1_start *****************
   147 ;; Defined at:
   148 ;;		line 49 in file "delay_1ms_irq.c"
   149 ;; Parameters:    Size  Location     Type
   150 ;;		None
   151 ;; Auto vars:     Size  Location     Type
   152 ;;		None
   153 ;; Return value:  Size  Location     Type
   154 ;;                  1    wreg      void 
   155 ;; Registers used:
   156 ;;		wreg, status,2
   157 ;; Tracked objects:
   158 ;;		On entry : 0/0
   159 ;;		On exit  : 0/0
   160 ;;		Unchanged: 0/0
   161 ;; Data sizes:     COMRAM   BANK0   BANK1   BANK2   BANK3   BANK4   BANK5   BANK6   BANK7
   162 ;;      Params:         0       0       0       0       0       0       0       0       0
   163 ;;      Locals:         0       0       0       0       0       0       0       0       0
   164 ;;      Temps:          0       0       0       0       0       0       0       0       0
   165 ;;      Totals:         0       0       0       0       0       0       0       0       0
   166 ;;Total ram usage:        0 bytes
   167 ;; Hardware stack levels used:    1
   168 ;; Hardware stack levels required when called:    1
   169 ;; This function calls:
   170 ;;		Nothing
   171 ;; This function is called by:
   172 ;;		_main
   173 ;; This function uses a non-reentrant model
   174 ;;
   175                           
   176                           	psect	text1
   177  000094                     __ptext1:
   178                           	opt stack 0
   179  000094                     _Timer1_start:
   180                           	opt stack 29
   181                           
   182                           ;delay_1ms_irq.c: 51: GIE=1;
   183                           
   184                           ;incstack = 0
   185  000094  8EF2               	bsf	intcon,7,c	;volatile
   186                           
   187                           ;delay_1ms_irq.c: 52: PEIE=1;
   188  000096  8CF2               	bsf	intcon,6,c	;volatile
   189                           
   190                           ;delay_1ms_irq.c: 53: TMR1IE=1;
   191  000098  809D               	bsf	3997,0,c	;volatile
   192                           
   193                           ;delay_1ms_irq.c: 54: TMR1IF=0;
   194  00009A  909E               	bcf	3998,0,c	;volatile
   195                           
   196                           ;delay_1ms_irq.c: 55: T1CON=0x80;
   197  00009C  0E80               	movlw	128
   198  00009E  6ECD               	movwf	4045,c	;volatile
   199                           
   200                           ;delay_1ms_irq.c: 56: TMR1=0xF856;
   201  0000A0  0EF8               	movlw	248
   202  0000A2  6ECF               	movwf	4047,c	;volatile
   203  0000A4  0E56               	movlw	86
   204  0000A6  6ECE               	movwf	4046,c	;volatile
   205                           
   206                           ;delay_1ms_irq.c: 57: TMR1ON=1;
   207  0000A8  80CD               	bsf	4045,0,c	;volatile
   208  0000AA  0012               	return		;funcret
   209  0000AC                     __end_of_Timer1_start:
   210                           	opt stack 0
   211                           intcon	equ	0xFF2
   212                           
   213 ;; *************** function _Timer1_ISR *****************
   214 ;; Defined at:
   215 ;;		line 41 in file "delay_1ms_irq.c"
   216 ;; Parameters:    Size  Location     Type
   217 ;;		None
   218 ;; Auto vars:     Size  Location     Type
   219 ;;		None
   220 ;; Return value:  Size  Location     Type
   221 ;;                  1    wreg      void 
   222 ;; Registers used:
   223 ;;		wreg, status,2, status,0
   224 ;; Tracked objects:
   225 ;;		On entry : 0/0
   226 ;;		On exit  : 0/0
   227 ;;		Unchanged: 0/0
   228 ;; Data sizes:     COMRAM   BANK0   BANK1   BANK2   BANK3   BANK4   BANK5   BANK6   BANK7
   229 ;;      Params:         0       0       0       0       0       0       0       0       0
   230 ;;      Locals:         0       0       0       0       0       0       0       0       0
   231 ;;      Temps:         14       0       0       0       0       0       0       0       0
   232 ;;      Totals:        14       0       0       0       0       0       0       0       0
   233 ;;Total ram usage:       14 bytes
   234 ;; Hardware stack levels used:    1
   235 ;; This function calls:
   236 ;;		Nothing
   237 ;; This function is called by:
   238 ;;		Interrupt level 2
   239 ;; This function uses a non-reentrant model
   240 ;;
   241                           
   242                           	psect	intcode
   243  000008                     __pintcode:
   244                           	opt stack 0
   245  000008                     _Timer1_ISR:
   246                           	opt stack 29
   247                           
   248                           ;incstack = 0
   249  000008  820F               	bsf	btemp,1,c	;set compiler interrupt flag (level 2)
   250  00000A  ED09  F000         	call	int_func,f	;refresh shadow registers
   251                           intcon	equ	0xFF2
   252                           
   253                           	psect	intcode_body
   254  000012                     __pintcode_body:
   255                           	opt stack 29
   256  000012                     int_func:
   257                           	opt stack 29
   258  000012  0006               	pop		; remove dummy address from shadow register refresh
   259  000014  CFFA F001          	movff	pclath,??_Timer1_ISR
   260  000018  CFFB F002          	movff	pclatu,??_Timer1_ISR+1
   261  00001C  CFE9 F003          	movff	fsr0l,??_Timer1_ISR+2
   262  000020  CFEA F004          	movff	fsr0h,??_Timer1_ISR+3
   263  000024  CFE1 F005          	movff	fsr1l,??_Timer1_ISR+4
   264  000028  CFE2 F006          	movff	fsr1h,??_Timer1_ISR+5
   265  00002C  CFD9 F007          	movff	fsr2l,??_Timer1_ISR+6
   266  000030  CFDA F008          	movff	fsr2h,??_Timer1_ISR+7
   267  000034  CFF3 F009          	movff	prodl,??_Timer1_ISR+8
   268  000038  CFF4 F00A          	movff	prodh,??_Timer1_ISR+9
   269  00003C  CFF6 F00B          	movff	tblptrl,??_Timer1_ISR+10
   270  000040  CFF7 F00C          	movff	tblptrh,??_Timer1_ISR+11
   271  000044  CFF8 F00D          	movff	tblptru,??_Timer1_ISR+12
   272  000048  CFF5 F00E          	movff	tablat,??_Timer1_ISR+13
   273                           
   274                           ;delay_1ms_irq.c: 44: TMR1=0xF856;
   275  00004C  0EF8               	movlw	248
   276  00004E  6ECF               	movwf	4047,c	;volatile
   277  000050  0E56               	movlw	86
   278  000052  6ECE               	movwf	4046,c	;volatile
   279                           
   280                           ;delay_1ms_irq.c: 45: LATB = ~LATB;
   281  000054  1E8A               	comf	3978,f,c	;volatile
   282                           
   283                           ;delay_1ms_irq.c: 46: PIR1bits.TMR1IF=0;
   284  000056  909E               	bcf	3998,0,c	;volatile
   285  000058  C00E  FFF5         	movff	??_Timer1_ISR+13,tablat
   286  00005C  C00D  FFF8         	movff	??_Timer1_ISR+12,tblptru
   287  000060  C00C  FFF7         	movff	??_Timer1_ISR+11,tblptrh
   288  000064  C00B  FFF6         	movff	??_Timer1_ISR+10,tblptrl
   289  000068  C00A  FFF4         	movff	??_Timer1_ISR+9,prodh
   290  00006C  C009  FFF3         	movff	??_Timer1_ISR+8,prodl
   291  000070  C008  FFDA         	movff	??_Timer1_ISR+7,fsr2h
   292  000074  C007  FFD9         	movff	??_Timer1_ISR+6,fsr2l
   293  000078  C006  FFE2         	movff	??_Timer1_ISR+5,fsr1h
   294  00007C  C005  FFE1         	movff	??_Timer1_ISR+4,fsr1l
   295  000080  C004  FFEA         	movff	??_Timer1_ISR+3,fsr0h
   296  000084  C003  FFE9         	movff	??_Timer1_ISR+2,fsr0l
   297  000088  C002  FFFB         	movff	??_Timer1_ISR+1,pclatu
   298  00008C  C001  FFFA         	movff	??_Timer1_ISR,pclath
   299  000090  920F               	bcf	btemp,1,c	;clear compiler interrupt flag (level 2)
   300  000092  0011               	retfie		f
   301  000094                     __end_of_Timer1_ISR:
   302                           	opt stack 0
   303  0000                     pclatu	equ	0xFFB
   304                           pclath	equ	0xFFA
   305                           tblptru	equ	0xFF8
   306                           tblptrh	equ	0xFF7
   307                           tblptrl	equ	0xFF6
   308                           tablat	equ	0xFF5
   309                           prodh	equ	0xFF4
   310                           prodl	equ	0xFF3
   311                           intcon	equ	0xFF2
   312                           fsr0h	equ	0xFEA
   313                           fsr0l	equ	0xFE9
   314                           fsr1h	equ	0xFE2
   315                           fsr1l	equ	0xFE1
   316                           fsr2h	equ	0xFDA
   317                           fsr2l	equ	0xFD9
   318                           pclatu	equ	0xFFB
   319                           pclath	equ	0xFFA
   320                           tblptru	equ	0xFF8
   321                           tblptrh	equ	0xFF7
   322                           tblptrl	equ	0xFF6
   323                           tablat	equ	0xFF5
   324                           prodh	equ	0xFF4
   325                           prodl	equ	0xFF3
   326                           intcon	equ	0xFF2
   327                           fsr0h	equ	0xFEA
   328                           fsr0l	equ	0xFE9
   329                           fsr1h	equ	0xFE2
   330                           fsr1l	equ	0xFE1
   331                           fsr2h	equ	0xFDA
   332                           fsr2l	equ	0xFD9
   333                           
   334                           	psect	rparam
   335  0000                     pclatu	equ	0xFFB
   336                           pclath	equ	0xFFA
   337                           tblptru	equ	0xFF8
   338                           tblptrh	equ	0xFF7
   339                           tblptrl	equ	0xFF6
   340                           tablat	equ	0xFF5
   341                           prodh	equ	0xFF4
   342                           prodl	equ	0xFF3
   343                           intcon	equ	0xFF2
   344                           fsr0h	equ	0xFEA
   345                           fsr0l	equ	0xFE9
   346                           fsr1h	equ	0xFE2
   347                           fsr1l	equ	0xFE1
   348                           fsr2h	equ	0xFDA
   349                           fsr2l	equ	0xFD9
   350                           
   351                           	psect	temp
   352  00000F                     btemp:
   353                           	opt stack 0
   354  00000F                     	ds	1
   355  0000                     int$flags	set	btemp
   356                           pclatu	equ	0xFFB
   357                           pclath	equ	0xFFA
   358                           tblptru	equ	0xFF8
   359                           tblptrh	equ	0xFF7
   360                           tblptrl	equ	0xFF6
   361                           tablat	equ	0xFF5
   362                           prodh	equ	0xFF4
   363                           prodl	equ	0xFF3
   364                           intcon	equ	0xFF2
   365                           fsr0h	equ	0xFEA
   366                           fsr0l	equ	0xFE9
   367                           fsr1h	equ	0xFE2
   368                           fsr1l	equ	0xFE1
   369                           fsr2h	equ	0xFDA
   370                           fsr2l	equ	0xFD9


Data Sizes:
    Strings     0
    Constant    0
    Data        0
    BSS         0
    Persistent  0
    Stack       0

Auto Spaces:
    Space          Size  Autos    Used
    COMRAM           94     14      14
    BANK0           160      0       0
    BANK1           256      0       0
    BANK2           256      0       0
    BANK3           256      0       0
    BANK4           256      0       0
    BANK5           256      0       0
    BANK6           256      0       0
    BANK7           256      0       0

Pointer List with Targets:

    None.

Critical Paths under _main in COMRAM

    None.

Critical Paths under _Timer1_ISR in COMRAM

    None.

Critical Paths under _main in BANK0

    None.

Critical Paths under _Timer1_ISR in BANK0

    None.

Critical Paths under _main in BANK1

    None.

Critical Paths under _Timer1_ISR in BANK1

    None.

Critical Paths under _main in BANK2

    None.

Critical Paths under _Timer1_ISR in BANK2

    None.

Critical Paths under _main in BANK3

    None.

Critical Paths under _Timer1_ISR in BANK3

    None.

Critical Paths under _main in BANK4

    None.

Critical Paths under _Timer1_ISR in BANK4

    None.

Critical Paths under _main in BANK5

    None.

Critical Paths under _Timer1_ISR in BANK5

    None.

Critical Paths under _main in BANK6

    None.

Critical Paths under _Timer1_ISR in BANK6

    None.

Critical Paths under _main in BANK7

    None.

Critical Paths under _Timer1_ISR in BANK7

    None.

Call Graph Tables:

 ---------------------------------------------------------------------------------
 (Depth) Function   	        Calls       Base Space   Used Autos Params    Refs
 ---------------------------------------------------------------------------------
 (0) _main                                                 0     0      0       0
                       _Timer1_start
 ---------------------------------------------------------------------------------
 (1) _Timer1_start                                         0     0      0       0
 ---------------------------------------------------------------------------------
 Estimated maximum stack depth 1
 ---------------------------------------------------------------------------------
 (Depth) Function   	        Calls       Base Space   Used Autos Params    Refs
 ---------------------------------------------------------------------------------
 (2) _Timer1_ISR                                          14    14      0       0
                                              0 COMRAM    14    14      0
 ---------------------------------------------------------------------------------
 Estimated maximum stack depth 2
 ---------------------------------------------------------------------------------

 Call Graph Graphs:

 _main (ROOT)
   _Timer1_start

 _Timer1_ISR (ROOT)

 Address spaces:
Name               Size   Autos  Total    Cost      Usage
BITCOMRAM           5E      0       0       0        0.0%
EEDATA             100      0       0       0        0.0%
NULL                 0      0       0       0        0.0%
CODE                 0      0       0       0        0.0%
COMRAM              5E      E       E       1       14.9%
STACK                0      0       0       2        0.0%
DATA                 0      0       0       3        0.0%
BITBANK0            A0      0       0       4        0.0%
BANK0               A0      0       0       5        0.0%
BITBANK1           100      0       0       6        0.0%
BANK1              100      0       0       7        0.0%
BITBANK2           100      0       0       8        0.0%
BANK2              100      0       0       9        0.0%
BITBANK3           100      0       0      10        0.0%
BANK3              100      0       0      11        0.0%
BITBANK4           100      0       0      12        0.0%
BANK4              100      0       0      13        0.0%
BITBANK5           100      0       0      14        0.0%
BANK5              100      0       0      15        0.0%
BITBANK6           100      0       0      16        0.0%
BANK6              100      0       0      17        0.0%
BITBANK7           100      0       0      18        0.0%
BANK7              100      0       0      19        0.0%
ABS                  0      0       0      20        0.0%
BIGRAM             7FF      0       0      21        0.0%
BITSFR               0      0       0     200        0.0%
SFR                  0      0       0     200        0.0%


Microchip Technology PIC18 Macro Assembler V1.41 build -162212810 
Symbol Table                                                                                   Mon Nov 23 10:47:55 2020

                     l27 00BA              __CFG_BORV$3 000000             __CFG_CP0$OFF 000000  
           __CFG_CP1$OFF 000000             __CFG_CP2$OFF 000000             __CFG_CP3$OFF 000000  
                    _GIE 007F97             __CFG_CPB$OFF 000000             __CFG_CPD$OFF 000000  
           __CFG_BOR$OFF 000000             __CFG_FOSC$HS 000000             __CFG_LVP$OFF 000000  
           __CFG_WDT$OFF 000000                     _LATB 000F8A                     _PEIE 007F96  
                   _TMR1 000FCE             __CFG_PWRT$ON 000000                     _main 00AC  
                   fsr0h 000FEA                     fsr1h 000FE2                     fsr2h 000FDA  
                   fsr0l 000FE9                     fsr1l 000FE1                     fsr2l 000FD9  
                   btemp 000F                     prodh 000FF4                     prodl 000FF3  
                   start 000E            __CFG_IESO$OFF 000000             ___param_bank 000000  
          __CFG_PLLDIV$1 000000           __CFG_CCP2MX$ON 000000                    ?_main 0001  
                  _T1CON 000FCD            __CFG_USBDIV$1 000000                    _TRISB 000F93  
          __CFG_WRT0$OFF 000000            __CFG_WRT1$OFF 000000            __CFG_WRT2$OFF 000000  
          __CFG_WRT3$OFF 000000           __CFG_EBTR0$OFF 000000           __CFG_FCMEN$OFF 000000  
         __CFG_EBTR1$OFF 000000           __CFG_EBTR2$OFF 000000           __CFG_EBTR3$OFF 000000  
          __CFG_WRTB$OFF 000000            __CFG_WRTC$OFF 000000            __CFG_WRTD$OFF 000000  
         __CFG_EBTRB$OFF 000000                    pclath 000FFA                    tablat 000FF5  
         __CFG_ICPRT$OFF 000000           __CFG_MCLRE$OFF 000000          __initialization 00BC  
           __end_of_main 00BC                   ??_main 000F            __activetblptr 000000  
                 _OSCCON 000FD3                   _TMR1IE 007CE8                   _TMR1IF 007CF0  
                 _TMR1ON 007E68               _Timer1_ISR 0008           __CFG_XINST$OFF 000000  
         __CFG_STVREN$ON 000000                   tblptrh 000FF7                   tblptrl 000FF6  
                 tblptru 000FF8               __accesstop 0060  __end_of__initialization 00BC  
        __CFG_PBADEN$OFF 000000            ___rparam_used 000001           __pcstackCOMRAM 0001  
            ?_Timer1_ISR 0001            ?_Timer1_start 0001          __CFG_VREGEN$OFF 000000  
                __Hparam 0000                  __Lparam 0000           ??_Timer1_start 000F  
                __pcinit 00BC                  __ramtop 0800                  __ptext0 00AC  
                __ptext1 0094      __size_of_Timer1_ISR 008C           __pintcode_body 0012  
   end_of_initialization 00BC                  int_func 0012      start_initialization 00BC  
   __end_of_Timer1_start 00AC             ??_Timer1_ISR 0001         __CFG_LPT1OSC$OFF 000000  
     __end_of_Timer1_ISR 0094                __pintcode 0008                 _PIR1bits 000F9E  
       __CFG_WDTPS$32768 000000    __size_of_Timer1_start 0018                 __Hrparam 0000  
               __Lrparam 0000             _Timer1_start 0094            __size_of_main 0010  
               int$flags 000F    __CFG_CPUDIV$OSC1_PLL2 000000                 intlevel2 0000  
